#
# There is insufficient memory for the Java Runtime Environment to continue.
# Native memory allocation (mmap) failed to map 114294784 bytes for committing reserved memory.
# Possible reasons:
#   The system is out of physical RAM or swap space
#   In 32 bit mode, the process size limit was hit
# Possible solutions:
#   Reduce memory load on the system
#   Increase physical memory or swap space
#   Check if swap backing store is full
#   Use 64 bit Java on a 64 bit OS
#   Decrease Java heap size (-Xmx/-Xms)
#   Decrease number of Java threads
#   Decrease Java thread stack sizes (-Xss)
#   Set larger code cache with -XX:ReservedCodeCacheSize=
# This output file may be truncated or incomplete.
#
#  Out of Memory Error (os_linux.cpp:2627), pid=8007, tid=140327350425344
#
# JRE version: Java(TM) SE Runtime Environment (8.0_91-b14) (build 1.8.0_91-b14)
# Java VM: Java HotSpot(TM) 64-Bit Server VM (25.91-b14 mixed mode linux-amd64 compressed oops)
# Failed to write core dump. Core dumps have been disabled. To enable core dumping, try "ulimit -c unlimited" before starting Java again
#

---------------  T H R E A D  ---------------

Current thread (0x00007fa098078000):  VMThread [stack: 0x00007fa081cfd000,0x00007fa081dfe000] [id=8019]

Stack: [0x00007fa081cfd000,0x00007fa081dfe000],  sp=0x00007fa081dfc1a0,  free space=1020k
Native frames: (J=compiled Java code, j=interpreted, Vv=VM code, C=native code)
V  [libjvm.so+0xabc18a]  VMError::report_and_die()+0x2ba
V  [libjvm.so+0x4fafeb]  report_vm_out_of_memory(char const*, int, unsigned long, VMErrorType, char const*)+0x8b
V  [libjvm.so+0x91cbb3]  os::Linux::commit_memory_impl(char*, unsigned long, bool)+0x103
V  [libjvm.so+0x91d109]  os::pd_commit_memory(char*, unsigned long, unsigned long, bool)+0x29
V  [libjvm.so+0x91740a]  os::commit_memory(char*, unsigned long, unsigned long, bool)+0x2a
V  [libjvm.so+0x98b033]  PSVirtualSpace::expand_by(unsigned long)+0x53
V  [libjvm.so+0x98c438]  PSYoungGen::resize_generation(unsigned long, unsigned long)+0xf8
V  [libjvm.so+0x98b592]  PSYoungGen::resize(unsigned long, unsigned long)+0x22
V  [libjvm.so+0x98886b]  PSScavenge::invoke_no_policy()+0xf3b
V  [libjvm.so+0x988ff1]  PSScavenge::invoke()+0x41
V  [libjvm.so+0x9408b0]  ParallelScavengeHeap::failed_mem_allocate(unsigned long)+0x70
V  [libjvm.so+0xabdba7]  VM_ParallelGCFailedAllocation::doit()+0x97
V  [libjvm.so+0xac55d5]  VM_Operation::evaluate()+0x55
V  [libjvm.so+0xac39aa]  VMThread::evaluate_operation(VM_Operation*)+0xba
V  [libjvm.so+0xac3d2e]  VMThread::loop()+0x1ce
V  [libjvm.so+0xac41a0]  VMThread::run()+0x70
V  [libjvm.so+0x91ef78]  java_start(Thread*)+0x108

VM_Operation (0x00007fa0808c8e00): ParallelGCFailedAllocation, mode: safepoint, requested by thread 0x00007fa098144800


---------------  P R O C E S S  ---------------

Java Threads: ( => current thread )
  0x00007fa098147800 JavaThread "pool-1-thread-4" [_thread_blocked, id=8060, stack(0x00007fa0805c8000,0x00007fa0806c9000)]
  0x00007fa098146000 JavaThread "pool-1-thread-3" [_thread_blocked, id=8059, stack(0x00007fa0806c9000,0x00007fa0807ca000)]
  0x00007fa098144800 JavaThread "pool-1-thread-2" [_thread_blocked, id=8057, stack(0x00007fa0807ca000,0x00007fa0808cb000)]
  0x00007fa098143000 JavaThread "pool-2-thread-1" [_thread_blocked, id=8055, stack(0x00007fa0808cb000,0x00007fa0809cc000)]
  0x00007fa098140800 JavaThread "pool-1-thread-1" [_thread_blocked, id=8052, stack(0x00007fa0809cc000,0x00007fa080acd000)]
  0x00007fa0980c0000 JavaThread "Service Thread" daemon [_thread_blocked, id=8042, stack(0x00007fa080bce000,0x00007fa080ccf000)]
  0x00007fa0980bd000 JavaThread "C1 CompilerThread2" daemon [_thread_blocked, id=8041, stack(0x00007fa080ccf000,0x00007fa080dd0000)]
  0x00007fa0980bb800 JavaThread "C2 CompilerThread1" daemon [_thread_blocked, id=8040, stack(0x00007fa080dd0000,0x00007fa080ed1000)]
  0x00007fa0980b8800 JavaThread "C2 CompilerThread0" daemon [_thread_blocked, id=8039, stack(0x00007fa080ed1000,0x00007fa080fd2000)]
  0x00007fa0980b7000 JavaThread "Signal Dispatcher" daemon [_thread_blocked, id=8038, stack(0x00007fa080fd2000,0x00007fa0810d3000)]
  0x00007fa098084000 JavaThread "Finalizer" daemon [_thread_blocked, id=8023, stack(0x00007fa081afb000,0x00007fa081bfc000)]
  0x00007fa09807f800 JavaThread "Reference Handler" daemon [_thread_blocked, id=8020, stack(0x00007fa081bfc000,0x00007fa081cfd000)]
  0x00007fa09800a000 JavaThread "main" [_thread_blocked, id=8009, stack(0x00007fa0a0405000,0x00007fa0a0506000)]

Other Threads:
=>0x00007fa098078000 VMThread [stack: 0x00007fa081cfd000,0x00007fa081dfe000] [id=8019]
  0x00007fa0980c3000 WatcherThread [stack: 0x00007fa080acd000,0x00007fa080bce000] [id=8043]

VM state:at safepoint (normal execution)

VM Mutex/Monitor currently owned by a thread:  ([mutex/lock_event])
[0x00007fa098006530] Threads_lock - owner thread: 0x00007fa098078000
[0x00007fa098006a30] Heap_lock - owner thread: 0x00007fa098144800

Heap:
 PSYoungGen      total 108032K, used 10740K [0x00000000eab00000, 0x00000000f2000000, 0x0000000100000000)
  eden space 97280K, 0% used [0x00000000eab00000,0x00000000eab00000,0x00000000f0a00000)
  from space 10752K, 99% used [0x00000000f0a00000,0x00000000f147d040,0x00000000f1480000)
  to   space 9728K, 0% used [0x00000000f1480000,0x00000000f1480000,0x00000000f1e00000)
 ParOldGen       total 31744K, used 30220K [0x00000000c0000000, 0x00000000c1f00000, 0x00000000eab00000)
  object space 31744K, 95% used [0x00000000c0000000,0x00000000c1d83218,0x00000000c1f00000)
 Metaspace       used 6325K, capacity 7192K, committed 7424K, reserved 1056768K
  class space    used 614K, capacity 656K, committed 768K, reserved 1048576K

Card table byte_map: [0x00007fa09cfb2000,0x00007fa09d1b3000] byte_map_base: 0x00007fa09c9b2000

Marking Bits: (ParMarkBitMap*) 0x00007fa09f8d0d60
 Begin Bits: [0x00007fa082000000, 0x00007fa083000000)
 End Bits:   [0x00007fa083000000, 0x00007fa084000000)

Polling page: 0x00007fa0a051f000

CodeCache: size=245760Kb used=6835Kb max_used=6835Kb free=238925Kb
 bounds [0x00007fa089000000, 0x00007fa0896c0000, 0x00007fa098000000]
 total_blobs=2020 nmethods=1751 adapters=182
 compilation: enabled

Compilation events (10 events):
Event: 14,972 Thread 0x00007fa0980bd000 2161       2       com.android.dx.cf.code.OneLocalsArray::makeInitialized (55 bytes)
Event: 14,973 Thread 0x00007fa0980bd000 nmethod 2161 0x00007fa0896afc50 code [0x00007fa0896afde0, 0x00007fa0896b0198]
Event: 14,973 Thread 0x00007fa0980bd000 2159       2       com.android.dx.util.Hex::u2 (44 bytes)
Event: 14,974 Thread 0x00007fa0980bd000 nmethod 2159 0x00007fa0896b0490 code [0x00007fa0896b0620, 0x00007fa0896b0a78]
Event: 14,974 Thread 0x00007fa0980bd000 2160       2       com.android.dx.dex.file.AnnotationItem::addContents (27 bytes)
Event: 14,975 Thread 0x00007fa0980bd000 nmethod 2160 0x00007fa0896b0c50 code [0x00007fa0896b0dc0, 0x00007fa0896b0f98]
Event: 14,980 Thread 0x00007fa0980bd000 2162       2       com.android.dx.cf.code.ByteCatchList::typeNotFound (47 bytes)
Event: 14,981 Thread 0x00007fa0980bd000 nmethod 2162 0x00007fa0896b10d0 code [0x00007fa0896b1240, 0x00007fa0896b1450]
Event: 14,981 Thread 0x00007fa0980bd000 2163       2       com.android.dx.rop.code.CstInsn::contentEquals (31 bytes)
Event: 14,982 Thread 0x00007fa0980bd000 nmethod 2163 0x00007fa0896b1610 code [0x00007fa0896b1780, 0x00007fa0896b1998]

GC Heap History (10 events):
Event: 3,313 GC heap after
Heap after GC invocations=2 (full 0):
 PSYoungGen      total 26112K, used 1521K [0x00000000eab00000, 0x00000000ec600000, 0x0000000100000000)
  eden space 24576K, 0% used [0x00000000eab00000,0x00000000eab00000,0x00000000ec300000)
  from space 1536K, 99% used [0x00000000ec480000,0x00000000ec5fc6a8,0x00000000ec600000)
  to   space 1536K, 0% used [0x00000000ec300000,0x00000000ec300000,0x00000000ec480000)
 ParOldGen       total 31744K, used 3124K [0x00000000c0000000, 0x00000000c1f00000, 0x00000000eab00000)
  object space 31744K, 9% used [0x00000000c0000000,0x00000000c030d090,0x00000000c1f00000)
 Metaspace       used 5746K, capacity 6704K, committed 6784K, reserved 1056768K
  class space    used 593K, capacity 616K, committed 640K, reserved 1048576K
}
Event: 5,009 GC heap before
{Heap before GC invocations=3 (full 0):
 PSYoungGen      total 26112K, used 26097K [0x00000000eab00000, 0x00000000ec600000, 0x0000000100000000)
  eden space 24576K, 100% used [0x00000000eab00000,0x00000000ec300000,0x00000000ec300000)
  from space 1536K, 99% used [0x00000000ec480000,0x00000000ec5fc6a8,0x00000000ec600000)
  to   space 1536K, 0% used [0x00000000ec300000,0x00000000ec300000,0x00000000ec480000)
 ParOldGen       total 31744K, used 3124K [0x00000000c0000000, 0x00000000c1f00000, 0x00000000eab00000)
  object space 31744K, 9% used [0x00000000c0000000,0x00000000c030d090,0x00000000c1f00000)
 Metaspace       used 5911K, capacity 6896K, committed 7040K, reserved 1056768K
  class space    used 593K, capacity 616K, committed 640K, reserved 1048576K
Event: 5,081 GC heap after
Heap after GC invocations=3 (full 0):
 PSYoungGen      total 26112K, used 1526K [0x00000000eab00000, 0x00000000ede00000, 0x0000000100000000)
  eden space 24576K, 0% used [0x00000000eab00000,0x00000000eab00000,0x00000000ec300000)
  from space 1536K, 99% used [0x00000000ec300000,0x00000000ec47db40,0x00000000ec480000)
  to   space 1536K, 0% used [0x00000000edc80000,0x00000000edc80000,0x00000000ede00000)
 ParOldGen       total 31744K, used 6841K [0x00000000c0000000, 0x00000000c1f00000, 0x00000000eab00000)
  object space 31744K, 21% used [0x00000000c0000000,0x00000000c06ae418,0x00000000c1f00000)
 Metaspace       used 5911K, capacity 6896K, committed 7040K, reserved 1056768K
  class space    used 593K, capacity 616K, committed 640K, reserved 1048576K
}
Event: 5,970 GC heap before
{Heap before GC invocations=4 (full 0):
 PSYoungGen      total 26112K, used 26102K [0x00000000eab00000, 0x00000000ede00000, 0x0000000100000000)
  eden space 24576K, 100% used [0x00000000eab00000,0x00000000ec300000,0x00000000ec300000)
  from space 1536K, 99% used [0x00000000ec300000,0x00000000ec47db40,0x00000000ec480000)
  to   space 1536K, 0% used [0x00000000edc80000,0x00000000edc80000,0x00000000ede00000)
 ParOldGen       total 31744K, used 6841K [0x00000000c0000000, 0x00000000c1f00000, 0x00000000eab00000)
  object space 31744K, 21% used [0x00000000c0000000,0x00000000c06ae418,0x00000000c1f00000)
 Metaspace       used 5976K, capacity 6960K, committed 7040K, reserved 1056768K
  class space    used 594K, capacity 616K, committed 640K, reserved 1048576K
Event: 6,064 GC heap after
Heap after GC invocations=4 (full 0):
 PSYoungGen      total 50688K, used 1527K [0x00000000eab00000, 0x00000000ede00000, 0x0000000100000000)
  eden space 49152K, 0% used [0x00000000eab00000,0x00000000eab00000,0x00000000edb00000)
  from space 1536K, 99% used [0x00000000edc80000,0x00000000eddfdd28,0x00000000ede00000)
  to   space 1536K, 0% used [0x00000000edb00000,0x00000000edb00000,0x00000000edc80000)
 ParOldGen       total 31744K, used 11138K [0x00000000c0000000, 0x00000000c1f00000, 0x00000000eab00000)
  object space 31744K, 35% used [0x00000000c0000000,0x00000000c0ae0810,0x00000000c1f00000)
 Metaspace       used 5976K, capacity 6960K, committed 7040K, reserved 1056768K
  class space    used 594K, capacity 616K, committed 640K, reserved 1048576K
}
Event: 7,884 GC heap before
{Heap before GC invocations=5 (full 0):
 PSYoungGen      total 50688K, used 50679K [0x00000000eab00000, 0x00000000ede00000, 0x0000000100000000)
  eden space 49152K, 100% used [0x00000000eab00000,0x00000000edb00000,0x00000000edb00000)
  from space 1536K, 99% used [0x00000000edc80000,0x00000000eddfdd28,0x00000000ede00000)
  to   space 1536K, 0% used [0x00000000edb00000,0x00000000edb00000,0x00000000edc80000)
 ParOldGen       total 31744K, used 11138K [0x00000000c0000000, 0x00000000c1f00000, 0x00000000eab00000)
  object space 31744K, 35% used [0x00000000c0000000,0x00000000c0ae0810,0x00000000c1f00000)
 Metaspace       used 5983K, capacity 6960K, committed 7040K, reserved 1056768K
  class space    used 594K, capacity 616K, committed 640K, reserved 1048576K
Event: 8,108 GC heap after
Heap after GC invocations=5 (full 0):
 PSYoungGen      total 50688K, used 1506K [0x00000000eab00000, 0x00000000f1e00000, 0x0000000100000000)
  eden space 49152K, 0% used [0x00000000eab00000,0x00000000eab00000,0x00000000edb00000)
  from space 1536K, 98% used [0x00000000edb00000,0x00000000edc78b38,0x00000000edc80000)
  to   space 9728K, 0% used [0x00000000f1480000,0x00000000f1480000,0x00000000f1e00000)
 ParOldGen       total 31744K, used 18572K [0x00000000c0000000, 0x00000000c1f00000, 0x00000000eab00000)
  object space 31744K, 58% used [0x00000000c0000000,0x00000000c1223368,0x00000000c1f00000)
 Metaspace       used 5983K, capacity 6960K, committed 7040K, reserved 1056768K
  class space    used 594K, capacity 616K, committed 640K, reserved 1048576K
}
Event: 9,795 GC heap before
{Heap before GC invocations=6 (full 0):
 PSYoungGen      total 50688K, used 50658K [0x00000000eab00000, 0x00000000f1e00000, 0x0000000100000000)
  eden space 49152K, 100% used [0x00000000eab00000,0x00000000edb00000,0x00000000edb00000)
  from space 1536K, 98% used [0x00000000edb00000,0x00000000edc78b38,0x00000000edc80000)
  to   space 9728K, 0% used [0x00000000f1480000,0x00000000f1480000,0x00000000f1e00000)
 ParOldGen       total 31744K, used 18572K [0x00000000c0000000, 0x00000000c1f00000, 0x00000000eab00000)
  object space 31744K, 58% used [0x00000000c0000000,0x00000000c1223368,0x00000000c1f00000)
 Metaspace       used 6169K, capacity 7064K, committed 7424K, reserved 1056768K
  class space    used 614K, capacity 656K, committed 768K, reserved 1048576K
Event: 10,158 GC heap after
Heap after GC invocations=6 (full 0):
 PSYoungGen      total 107008K, used 8187K [0x00000000eab00000, 0x00000000f2000000, 0x0000000100000000)
  eden space 97280K, 0% used [0x00000000eab00000,0x00000000eab00000,0x00000000f0a00000)
  from space 9728K, 84% used [0x00000000f1480000,0x00000000f1c7ef80,0x00000000f1e00000)
  to   space 10752K, 0% used [0x00000000f0a00000,0x00000000f0a00000,0x00000000f1480000)
 ParOldGen       total 31744K, used 18572K [0x00000000c0000000, 0x00000000c1f00000, 0x00000000eab00000)
  object space 31744K, 58% used [0x00000000c0000000,0x00000000c1223368,0x00000000c1f00000)
 Metaspace       used 6169K, capacity 7064K, committed 7424K, reserved 1056768K
  class space    used 614K, capacity 656K, committed 768K, reserved 1048576K
}
Event: 15,040 GC heap before
{Heap before GC invocations=7 (full 0):
 PSYoungGen      total 107008K, used 105467K [0x00000000eab00000, 0x00000000f2000000, 0x0000000100000000)
  eden space 97280K, 100% used [0x00000000eab00000,0x00000000f0a00000,0x00000000f0a00000)
  from space 9728K, 84% used [0x00000000f1480000,0x00000000f1c7ef80,0x00000000f1e00000)
  to   space 10752K, 0% used [0x00000000f0a00000,0x00000000f0a00000,0x00000000f1480000)
 ParOldGen       total 31744K, used 18572K [0x00000000c0000000, 0x00000000c1f00000, 0x00000000eab00000)
  object space 31744K, 58% used [0x00000000c0000000,0x00000000c1223368,0x00000000c1f00000)
 Metaspace       used 6325K, capacity 7192K, committed 7424K, reserved 1056768K
  class space    used 614K, capacity 656K, committed 768K, reserved 1048576K

Deoptimization events (10 events):
Event: 9,504 Thread 0x00007fa09800a000 Uncommon trap: reason=bimorphic action=maybe_recompile pc=0x00007fa08938bf24 method=java.util.HashMap.putVal(ILjava/lang/Object;Ljava/lang/Object;ZZ)Ljava/lang/Object; @ 203
Event: 9,525 Thread 0x00007fa09800a000 Uncommon trap: reason=unstable_if action=reinterpret pc=0x00007fa089272b7c method=java.util.HashMap.putVal(ILjava/lang/Object;Ljava/lang/Object;ZZ)Ljava/lang/Object; @ 162
Event: 9,622 Thread 0x00007fa09800a000 Uncommon trap: reason=unstable_if action=reinterpret pc=0x00007fa0891f006c method=java.util.HashMap.getNode(ILjava/lang/Object;)Ljava/util/HashMap$Node; @ 84
Event: 9,730 Thread 0x00007fa09800a000 Uncommon trap: reason=unstable_if action=reinterpret pc=0x00007fa08938baa4 method=java.util.HashMap.putVal(ILjava/lang/Object;Ljava/lang/Object;ZZ)Ljava/lang/Object; @ 162
Event: 11,649 Thread 0x00007fa09800a000 Uncommon trap: reason=bimorphic action=maybe_recompile pc=0x00007fa089621b04 method=com.android.dx.cf.code.BytecodeArray.parseInstruction(ILcom/android/dx/cf/code/BytecodeArray$Visitor;)I @ 1130
Event: 11,649 Thread 0x00007fa09800a000 Uncommon trap: reason=bimorphic action=maybe_recompile pc=0x00007fa089621b04 method=com.android.dx.cf.code.BytecodeArray.parseInstruction(ILcom/android/dx/cf/code/BytecodeArray$Visitor;)I @ 1130
Event: 11,721 Thread 0x00007fa09800a000 Uncommon trap: reason=bimorphic action=maybe_recompile pc=0x00007fa08962173c method=com.android.dx.cf.code.BytecodeArray.parseInstruction(ILcom/android/dx/cf/code/BytecodeArray$Visitor;)I @ 955
Event: 11,722 Thread 0x00007fa09800a000 Uncommon trap: reason=bimorphic action=maybe_recompile pc=0x00007fa08962173c method=com.android.dx.cf.code.BytecodeArray.parseInstruction(ILcom/android/dx/cf/code/BytecodeArray$Visitor;)I @ 955
Event: 12,747 Thread 0x00007fa098147800 Uncommon trap: reason=unstable_if action=reinterpret pc=0x00007fa08959ec80 method=com.android.dx.ssa.MoveParamCombiner$1.visitNonMoveInsn(Lcom/android/dx/ssa/NormalSsaInsn;)V @ 27
Event: 14,870 Thread 0x00007fa098140800 Uncommon trap: reason=unstable_if action=reinterpret pc=0x00007fa089316a08 method=com.android.dx.dex.code.OutputFinisher.hasLocalInfo(Lcom/android/dx/dex/code/DalvInsn;)Z @ 24

Internal exceptions (6 events):
Event: 0,348 Thread 0x00007fa09800a000 Exception <a 'java/lang/NoSuchMethodError': Method sun.misc.Unsafe.defineClass(Ljava/lang/String;[BII)Ljava/lang/Class; name or signature does not match> (0x00000000eab07cc0) thrown at [/HUDSON/workspace/8-2-build-linux-amd64/jdk8u91/6644/hotspot/src/shar
Event: 0,348 Thread 0x00007fa09800a000 Exception <a 'java/lang/NoSuchMethodError': Method sun.misc.Unsafe.prefetchRead(Ljava/lang/Object;J)V name or signature does not match> (0x00000000eab07fa8) thrown at [/HUDSON/workspace/8-2-build-linux-amd64/jdk8u91/6644/hotspot/src/share/vm/prims/jni.cpp
Event: 3,544 Thread 0x00007fa09800a000 Implicit null exception at 0x00007fa089298bac to 0x00007fa08929baa5
Event: 9,527 Thread 0x00007fa09800a000 Exception <a 'java/lang/ArrayIndexOutOfBoundsException': 18> (0x00000000ed4d5c50) thrown at [/HUDSON/workspace/8-2-build-linux-amd64/jdk8u91/6644/hotspot/src/share/vm/interpreter/interpreterRuntime.cpp, line 366]
Event: 9,527 Thread 0x00007fa09800a000 Exception <a 'java/lang/ArrayIndexOutOfBoundsException': 145> (0x00000000ed4d77d0) thrown at [/HUDSON/workspace/8-2-build-linux-amd64/jdk8u91/6644/hotspot/src/share/vm/interpreter/interpreterRuntime.cpp, line 366]
Event: 9,547 Thread 0x00007fa09800a000 Exception <a 'java/lang/ArrayIndexOutOfBoundsException': 40> (0x00000000ed4d8ab8) thrown at [/HUDSON/workspace/8-2-build-linux-amd64/jdk8u91/6644/hotspot/src/share/vm/interpreter/interpreterRuntime.cpp, line 366]

Events (10 events):
Event: 14,890 Thread 0x00007fa098144800 DEOPT UNPACKING pc=0x00007fa089047633 sp=0x00007fa0808c8c28 mode 0
Event: 14,891 Thread 0x00007fa09800a000 DEOPT PACKING pc=0x00007fa0892dbbcd sp=0x00007fa0a05033e0
Event: 14,891 Thread 0x00007fa09800a000 DEOPT UNPACKING pc=0x00007fa089047633 sp=0x00007fa0a0503170 mode 0
Event: 14,902 Thread 0x00007fa098144800 DEOPT PACKING pc=0x00007fa089359208 sp=0x00007fa0808c8ea0
Event: 14,902 Thread 0x00007fa098144800 DEOPT UNPACKING pc=0x00007fa089047633 sp=0x00007fa0808c8c28 mode 0
Event: 14,935 Thread 0x00007fa098146000 DEOPT PACKING pc=0x00007fa089359208 sp=0x00007fa0807c7b10
Event: 14,935 Thread 0x00007fa098146000 DEOPT UNPACKING pc=0x00007fa089047633 sp=0x00007fa0807c7898 mode 0
Event: 14,992 Thread 0x00007fa098146000 DEOPT PACKING pc=0x00007fa089359208 sp=0x00007fa0807c7b10
Event: 14,992 Thread 0x00007fa098146000 DEOPT UNPACKING pc=0x00007fa089047633 sp=0x00007fa0807c7898 mode 0
Event: 15,010 Executing VM operation: ParallelGCFailedAllocation


Dynamic libraries:
00400000-00401000 r-xp 00000000 08:06 1464839                            /usr/lib/jvm/java-8-oracle/bin/java
00600000-00601000 rw-p 00000000 08:06 1464839                            /usr/lib/jvm/java-8-oracle/bin/java
00c20000-00c41000 rw-p 00000000 00:00 0                                  [heap]
c0000000-c1f00000 rw-p 00000000 00:00 0 
c1f00000-eab00000 ---p 00000000 00:00 0 
eab00000-f2000000 rw-p 00000000 00:00 0 
f8d00000-100000000 ---p 00000000 00:00 0 
100000000-1000c0000 rw-p 00000000 00:00 0 
1000c0000-140000000 ---p 00000000 00:00 0 
7fa03c000000-7fa03c021000 rw-p 00000000 00:00 0 
7fa03c021000-7fa040000000 ---p 00000000 00:00 0 
7fa040000000-7fa04002f000 rw-p 00000000 00:00 0 
7fa04002f000-7fa044000000 ---p 00000000 00:00 0 
7fa044000000-7fa044021000 rw-p 00000000 00:00 0 
7fa044021000-7fa048000000 ---p 00000000 00:00 0 
7fa048000000-7fa048033000 rw-p 00000000 00:00 0 
7fa048033000-7fa04c000000 ---p 00000000 00:00 0 
7fa04c000000-7fa04c021000 rw-p 00000000 00:00 0 
7fa04c021000-7fa050000000 ---p 00000000 00:00 0 
7fa050000000-7fa05003a000 rw-p 00000000 00:00 0 
7fa05003a000-7fa054000000 ---p 00000000 00:00 0 
7fa054000000-7fa054818000 rw-p 00000000 00:00 0 
7fa054818000-7fa058000000 ---p 00000000 00:00 0 
7fa058000000-7fa058021000 rw-p 00000000 00:00 0 
7fa058021000-7fa05c000000 ---p 00000000 00:00 0 
7fa05c000000-7fa05cb9d000 rw-p 00000000 00:00 0 
7fa05cb9d000-7fa060000000 ---p 00000000 00:00 0 
7fa060000000-7fa06095f000 rw-p 00000000 00:00 0 
7fa06095f000-7fa064000000 ---p 00000000 00:00 0 
7fa064000000-7fa064021000 rw-p 00000000 00:00 0 
7fa064021000-7fa068000000 ---p 00000000 00:00 0 
7fa068000000-7fa068021000 rw-p 00000000 00:00 0 
7fa068021000-7fa06c000000 ---p 00000000 00:00 0 
7fa06c000000-7fa06c298000 rw-p 00000000 00:00 0 
7fa06c298000-7fa070000000 ---p 00000000 00:00 0 
7fa070000000-7fa070021000 rw-p 00000000 00:00 0 
7fa070021000-7fa074000000 ---p 00000000 00:00 0 
7fa074000000-7fa074021000 rw-p 00000000 00:00 0 
7fa074021000-7fa078000000 ---p 00000000 00:00 0 
7fa078000000-7fa078021000 rw-p 00000000 00:00 0 
7fa078021000-7fa07c000000 ---p 00000000 00:00 0 
7fa07c000000-7fa07c021000 rw-p 00000000 00:00 0 
7fa07c021000-7fa080000000 ---p 00000000 00:00 0 
7fa0805c8000-7fa0805cb000 ---p 00000000 00:00 0 
7fa0805cb000-7fa0806c9000 rw-p 00000000 00:00 0 
7fa0806c9000-7fa0806cc000 ---p 00000000 00:00 0 
7fa0806cc000-7fa0807ca000 rw-p 00000000 00:00 0 
7fa0807ca000-7fa0807cd000 ---p 00000000 00:00 0 
7fa0807cd000-7fa0808cb000 rw-p 00000000 00:00 0 
7fa0808cb000-7fa0808ce000 ---p 00000000 00:00 0 
7fa0808ce000-7fa0809cc000 rw-p 00000000 00:00 0 
7fa0809cc000-7fa0809cf000 ---p 00000000 00:00 0 
7fa0809cf000-7fa080acd000 rw-p 00000000 00:00 0 
7fa080acd000-7fa080ace000 ---p 00000000 00:00 0 
7fa080ace000-7fa080bce000 rw-p 00000000 00:00 0 
7fa080bce000-7fa080bd1000 ---p 00000000 00:00 0 
7fa080bd1000-7fa080ccf000 rw-p 00000000 00:00 0 
7fa080ccf000-7fa080cd2000 ---p 00000000 00:00 0 
7fa080cd2000-7fa080dd0000 rw-p 00000000 00:00 0 
7fa080dd0000-7fa080dd3000 ---p 00000000 00:00 0 
7fa080dd3000-7fa080ed1000 rw-p 00000000 00:00 0 
7fa080ed1000-7fa080ed4000 ---p 00000000 00:00 0 
7fa080ed4000-7fa080fd2000 rw-p 00000000 00:00 0 
7fa080fd2000-7fa080fd5000 ---p 00000000 00:00 0 
7fa080fd5000-7fa0810d3000 rw-p 00000000 00:00 0 
7fa0810d3000-7fa081afb000 r--p 00000000 08:06 1187726                    /usr/lib/locale/locale-archive
7fa081afb000-7fa081afe000 ---p 00000000 00:00 0 
7fa081afe000-7fa081bfc000 rw-p 00000000 00:00 0 
7fa081bfc000-7fa081bff000 ---p 00000000 00:00 0 
7fa081bff000-7fa081cfd000 rw-p 00000000 00:00 0 
7fa081cfd000-7fa081cfe000 ---p 00000000 00:00 0 
7fa081cfe000-7fa084000000 rw-p 00000000 00:00 0 
7fa084000000-7fa084021000 rw-p 00000000 00:00 0 
7fa084021000-7fa088000000 ---p 00000000 00:00 0 
7fa08800d000-7fa088032000 r--p 00000000 08:06 6435                       /usr/share/locale-langpack/es/LC_MESSAGES/libc.mo
7fa088032000-7fa088041000 r--s 000df000 08:07 1709732                    /home/alejandro/Android/Sdk/build-tools/23.0.3/lib/dx.jar
7fa088041000-7fa088db1000 rw-p 00000000 00:00 0 
7fa088db1000-7fa088f8a000 r--s 03d1f000 08:06 1331248                    /usr/lib/jvm/java-8-oracle/jre/lib/rt.jar
7fa088f8a000-7fa089000000 rw-p 00000000 00:00 0 
7fa089000000-7fa0896c0000 rwxp 00000000 00:00 0 
7fa0896c0000-7fa098000000 ---p 00000000 00:00 0 
7fa098000000-7fa09838c000 rw-p 00000000 00:00 0 
7fa09838c000-7fa09c000000 ---p 00000000 00:00 0 
7fa09c009000-7fa09c6d8000 rw-p 00000000 00:00 0 
7fa09c6d8000-7fa09c858000 ---p 00000000 00:00 0 
7fa09c858000-7fa09ca58000 rw-p 00000000 00:00 0 
7fa09ca58000-7fa09ca59000 ---p 00000000 00:00 0 
7fa09ca59000-7fa09cb59000 rw-p 00000000 00:00 0 
7fa09cb59000-7fa09cb5a000 ---p 00000000 00:00 0 
7fa09cb5a000-7fa09cc5a000 rw-p 00000000 00:00 0 
7fa09cc5a000-7fa09cc5b000 ---p 00000000 00:00 0 
7fa09cc5b000-7fa09cd5b000 rw-p 00000000 00:00 0 
7fa09cd5b000-7fa09cd5c000 ---p 00000000 00:00 0 
7fa09cd5c000-7fa09ce6c000 rw-p 00000000 00:00 0 
7fa09ce6c000-7fa09cfb2000 ---p 00000000 00:00 0 
7fa09cfb2000-7fa09cfc2000 rw-p 00000000 00:00 0 
7fa09cfc2000-7fa09d107000 ---p 00000000 00:00 0 
7fa09d107000-7fa09d142000 rw-p 00000000 00:00 0 
7fa09d142000-7fa09d1b2000 ---p 00000000 00:00 0 
7fa09d1b2000-7fa09d1ce000 rw-p 00000000 00:00 0 
7fa09d1ce000-7fa09d573000 ---p 00000000 00:00 0 
7fa09d573000-7fa09d58d000 r-xp 00000000 08:06 1331333                    /usr/lib/jvm/java-8-oracle/jre/lib/amd64/libzip.so
7fa09d58d000-7fa09d78d000 ---p 0001a000 08:06 1331333                    /usr/lib/jvm/java-8-oracle/jre/lib/amd64/libzip.so
7fa09d78d000-7fa09d78e000 rw-p 0001a000 08:06 1331333                    /usr/lib/jvm/java-8-oracle/jre/lib/amd64/libzip.so
7fa09d78e000-7fa09d799000 r-xp 00000000 08:06 922870                     /lib/x86_64-linux-gnu/libnss_files-2.23.so
7fa09d799000-7fa09d998000 ---p 0000b000 08:06 922870                     /lib/x86_64-linux-gnu/libnss_files-2.23.so
7fa09d998000-7fa09d999000 r--p 0000a000 08:06 922870                     /lib/x86_64-linux-gnu/libnss_files-2.23.so
7fa09d999000-7fa09d99a000 rw-p 0000b000 08:06 922870                     /lib/x86_64-linux-gnu/libnss_files-2.23.so
7fa09d99a000-7fa09d9a0000 rw-p 00000000 00:00 0 
7fa09d9a0000-7fa09d9ab000 r-xp 00000000 08:06 922880                     /lib/x86_64-linux-gnu/libnss_nis-2.23.so
7fa09d9ab000-7fa09dbaa000 ---p 0000b000 08:06 922880                     /lib/x86_64-linux-gnu/libnss_nis-2.23.so
7fa09dbaa000-7fa09dbab000 r--p 0000a000 08:06 922880                     /lib/x86_64-linux-gnu/libnss_nis-2.23.so
7fa09dbab000-7fa09dbac000 rw-p 0000b000 08:06 922880                     /lib/x86_64-linux-gnu/libnss_nis-2.23.so
7fa09dbac000-7fa09dbc2000 r-xp 00000000 08:06 922864                     /lib/x86_64-linux-gnu/libnsl-2.23.so
7fa09dbc2000-7fa09ddc1000 ---p 00016000 08:06 922864                     /lib/x86_64-linux-gnu/libnsl-2.23.so
7fa09ddc1000-7fa09ddc2000 r--p 00015000 08:06 922864                     /lib/x86_64-linux-gnu/libnsl-2.23.so
7fa09ddc2000-7fa09ddc3000 rw-p 00016000 08:06 922864                     /lib/x86_64-linux-gnu/libnsl-2.23.so
7fa09ddc3000-7fa09ddc5000 rw-p 00000000 00:00 0 
7fa09ddc5000-7fa09ddcd000 r-xp 00000000 08:06 922866                     /lib/x86_64-linux-gnu/libnss_compat-2.23.so
7fa09ddcd000-7fa09dfcc000 ---p 00008000 08:06 922866                     /lib/x86_64-linux-gnu/libnss_compat-2.23.so
7fa09dfcc000-7fa09dfcd000 r--p 00007000 08:06 922866                     /lib/x86_64-linux-gnu/libnss_compat-2.23.so
7fa09dfcd000-7fa09dfce000 rw-p 00008000 08:06 922866                     /lib/x86_64-linux-gnu/libnss_compat-2.23.so
7fa09dfce000-7fa09dff8000 r-xp 00000000 08:06 1331328                    /usr/lib/jvm/java-8-oracle/jre/lib/amd64/libjava.so
7fa09dff8000-7fa09e1f8000 ---p 0002a000 08:06 1331328                    /usr/lib/jvm/java-8-oracle/jre/lib/amd64/libjava.so
7fa09e1f8000-7fa09e1fa000 rw-p 0002a000 08:06 1331328                    /usr/lib/jvm/java-8-oracle/jre/lib/amd64/libjava.so
7fa09e1fa000-7fa09e207000 r-xp 00000000 08:06 1331332                    /usr/lib/jvm/java-8-oracle/jre/lib/amd64/libverify.so
7fa09e207000-7fa09e407000 ---p 0000d000 08:06 1331332                    /usr/lib/jvm/java-8-oracle/jre/lib/amd64/libverify.so
7fa09e407000-7fa09e409000 rw-p 0000d000 08:06 1331332                    /usr/lib/jvm/java-8-oracle/jre/lib/amd64/libverify.so
7fa09e409000-7fa09e410000 r-xp 00000000 08:06 922925                     /lib/x86_64-linux-gnu/librt-2.23.so
7fa09e410000-7fa09e60f000 ---p 00007000 08:06 922925                     /lib/x86_64-linux-gnu/librt-2.23.so
7fa09e60f000-7fa09e610000 r--p 00006000 08:06 922925                     /lib/x86_64-linux-gnu/librt-2.23.so
7fa09e610000-7fa09e611000 rw-p 00007000 08:06 922925                     /lib/x86_64-linux-gnu/librt-2.23.so
7fa09e611000-7fa09e719000 r-xp 00000000 08:06 922841                     /lib/x86_64-linux-gnu/libm-2.23.so
7fa09e719000-7fa09e918000 ---p 00108000 08:06 922841                     /lib/x86_64-linux-gnu/libm-2.23.so
7fa09e918000-7fa09e919000 r--p 00107000 08:06 922841                     /lib/x86_64-linux-gnu/libm-2.23.so
7fa09e919000-7fa09e91a000 rw-p 00108000 08:06 922841                     /lib/x86_64-linux-gnu/libm-2.23.so
7fa09e91a000-7fa09f5da000 r-xp 00000000 08:06 1331353                    /usr/lib/jvm/java-8-oracle/jre/lib/amd64/server/libjvm.so
7fa09f5da000-7fa09f7da000 ---p 00cc0000 08:06 1331353                    /usr/lib/jvm/java-8-oracle/jre/lib/amd64/server/libjvm.so
7fa09f7da000-7fa09f8b2000 rw-p 00cc0000 08:06 1331353                    /usr/lib/jvm/java-8-oracle/jre/lib/amd64/server/libjvm.so
7fa09f8b2000-7fa09f8fd000 rw-p 00000000 00:00 0 
7fa09f8fd000-7fa09fabd000 r-xp 00000000 08:06 922771                     /lib/x86_64-linux-gnu/libc-2.23.so
7fa09fabd000-7fa09fcbc000 ---p 001c0000 08:06 922771                     /lib/x86_64-linux-gnu/libc-2.23.so
7fa09fcbc000-7fa09fcc0000 r--p 001bf000 08:06 922771                     /lib/x86_64-linux-gnu/libc-2.23.so
7fa09fcc0000-7fa09fcc2000 rw-p 001c3000 08:06 922771                     /lib/x86_64-linux-gnu/libc-2.23.so
7fa09fcc2000-7fa09fcc6000 rw-p 00000000 00:00 0 
7fa09fcc6000-7fa09fcc9000 r-xp 00000000 08:06 922795                     /lib/x86_64-linux-gnu/libdl-2.23.so
7fa09fcc9000-7fa09fec8000 ---p 00003000 08:06 922795                     /lib/x86_64-linux-gnu/libdl-2.23.so
7fa09fec8000-7fa09fec9000 r--p 00002000 08:06 922795                     /lib/x86_64-linux-gnu/libdl-2.23.so
7fa09fec9000-7fa09feca000 rw-p 00003000 08:06 922795                     /lib/x86_64-linux-gnu/libdl-2.23.so
7fa09feca000-7fa09fedf000 r-xp 00000000 08:06 152424                     /usr/lib/jvm/java-8-oracle/lib/amd64/jli/libjli.so
7fa09fedf000-7fa0a00df000 ---p 00015000 08:06 152424                     /usr/lib/jvm/java-8-oracle/lib/amd64/jli/libjli.so
7fa0a00df000-7fa0a00e0000 rw-p 00015000 08:06 152424                     /usr/lib/jvm/java-8-oracle/lib/amd64/jli/libjli.so
7fa0a00e0000-7fa0a00f8000 r-xp 00000000 08:06 922917                     /lib/x86_64-linux-gnu/libpthread-2.23.so
7fa0a00f8000-7fa0a02f7000 ---p 00018000 08:06 922917                     /lib/x86_64-linux-gnu/libpthread-2.23.so
7fa0a02f7000-7fa0a02f8000 r--p 00017000 08:06 922917                     /lib/x86_64-linux-gnu/libpthread-2.23.so
7fa0a02f8000-7fa0a02f9000 rw-p 00018000 08:06 922917                     /lib/x86_64-linux-gnu/libpthread-2.23.so
7fa0a02f9000-7fa0a02fd000 rw-p 00000000 00:00 0 
7fa0a02fd000-7fa0a0323000 r-xp 00000000 08:06 922743                     /lib/x86_64-linux-gnu/ld-2.23.so
7fa0a0325000-7fa0a032c000 r--s 00000000 08:06 1312980                    /usr/lib/x86_64-linux-gnu/gconv/gconv-modules.cache
7fa0a032c000-7fa0a0405000 rw-p 00000000 00:00 0 
7fa0a0405000-7fa0a0408000 ---p 00000000 00:00 0 
7fa0a0408000-7fa0a050a000 rw-p 00000000 00:00 0 
7fa0a050d000-7fa0a0516000 r--s 0008c000 08:07 3287636                    /home/alejandro/AndroidStudioProjects/ClimbApp/app/build/intermediates/exploded-aar/com.android.support/appcompat-v7/23.4.0/jars/classes.jar
7fa0a0516000-7fa0a051e000 rw-s 00000000 08:06 923104                     /tmp/hsperfdata_alejandro/8007
7fa0a051e000-7fa0a051f000 rw-p 00000000 00:00 0 
7fa0a051f000-7fa0a0520000 ---p 00000000 00:00 0 
7fa0a0520000-7fa0a0522000 rw-p 00000000 00:00 0 
7fa0a0522000-7fa0a0523000 r--p 00025000 08:06 922743                     /lib/x86_64-linux-gnu/ld-2.23.so
7fa0a0523000-7fa0a0524000 rw-p 00026000 08:06 922743                     /lib/x86_64-linux-gnu/ld-2.23.so
7fa0a0524000-7fa0a0525000 rw-p 00000000 00:00 0 
7fff5df79000-7fff5df9a000 rw-p 00000000 00:00 0                          [stack]
7fff5dff0000-7fff5dff2000 r--p 00000000 00:00 0                          [vvar]
7fff5dff2000-7fff5dff4000 r-xp 00000000 00:00 0                          [vdso]
ffffffffff600000-ffffffffff601000 r-xp 00000000 00:00 0                  [vsyscall]

VM Arguments:
jvm_args: -Djava.awt.headless=true -Xmx1024M -Dfile.encoding=UTF-8 -Duser.country=CO -Duser.language=es -Duser.variant 
java_command: com.android.dx.command.Main --dex --force-jumbo --num-threads=4 --output /home/alejandro/AndroidStudioProjects/ClimbApp/app/build/intermediates/pre-dexed/debug/com.android.support-appcompat-v7-23.4.0_501043b2665bfddbba6d8540d76e7e3ec16ecfd1.jar /home/alejandro/AndroidStudioProjects/ClimbApp/app/build/intermediates/exploded-aar/com.android.support/appcompat-v7/23.4.0/jars/classes.jar
java_class_path (initial): /home/alejandro/Android/Sdk/build-tools/23.0.3/lib/dx.jar
Launcher Type: SUN_STANDARD

Environment Variables:
JAVA_HOME=/usr/local/java/jdk1.8.0_91/
PATH=/usr/local/sbin:/usr/local/bin:/usr/sbin:/usr/bin:/sbin:/bin:/usr/games:/usr/local/games:/snap/bin:/usr/lib/jvm/java-8-oracle/bin:/usr/lib/jvm/java-8-oracle/db/bin:/usr/lib/jvm/java-8-oracle/jre/bin:/home/alejandro/bin:/usr/local/java/jdk1.8.0_91//bin
LD_LIBRARY_PATH=/opt/android-studio/bin:
SHELL=/bin/bash
DISPLAY=:0.0

Signal Handlers:
SIGSEGV: [libjvm.so+0xabca10], sa_mask[0]=11111111011111111101111111111110, sa_flags=SA_RESTART|SA_SIGINFO
SIGBUS: [libjvm.so+0xabca10], sa_mask[0]=11111111011111111101111111111110, sa_flags=SA_RESTART|SA_SIGINFO
SIGFPE: [libjvm.so+0x919a20], sa_mask[0]=11111111011111111101111111111110, sa_flags=SA_RESTART|SA_SIGINFO
SIGPIPE: [libjvm.so+0x919a20], sa_mask[0]=11111111011111111101111111111110, sa_flags=SA_RESTART|SA_SIGINFO
SIGXFSZ: [libjvm.so+0x919a20], sa_mask[0]=11111111011111111101111111111110, sa_flags=SA_RESTART|SA_SIGINFO
SIGILL: [libjvm.so+0x919a20], sa_mask[0]=11111111011111111101111111111110, sa_flags=SA_RESTART|SA_SIGINFO
SIGUSR1: SIG_DFL, sa_mask[0]=00000000000000000000000000000000, sa_flags=none
SIGUSR2: [libjvm.so+0x91b050], sa_mask[0]=00100000000000000000000000000000, sa_flags=SA_RESTART|SA_SIGINFO
SIGHUP: [libjvm.so+0x91c450], sa_mask[0]=11111111011111111101111111111110, sa_flags=SA_RESTART|SA_SIGINFO
SIGINT: [libjvm.so+0x91c450], sa_mask[0]=11111111011111111101111111111110, sa_flags=SA_RESTART|SA_SIGINFO
SIGTERM: [libjvm.so+0x91c450], sa_mask[0]=11111111011111111101111111111110, sa_flags=SA_RESTART|SA_SIGINFO
SIGQUIT: [libjvm.so+0x91c450], sa_mask[0]=11111111011111111101111111111110, sa_flags=SA_RESTART|SA_SIGINFO


---------------  S Y S T E M  ---------------

OS:DISTRIB_ID=Ubuntu
DISTRIB_RELEASE=16.04
DISTRIB_CODENAME=xenial
DISTRIB_DESCRIPTION="Ubuntu 16.04 LTS"

uname:Linux 4.4.0-22-generic #40-Ubuntu SMP Thu May 12 22:03:46 UTC 2016 x86_64
libc:glibc 2.23 NPTL 2.23 
rlimit: STACK 8192k, CORE 0k, NPROC 11245, NOFILE 65536, AS infinity
load average:12,19 6,46 3,21

/proc/meminfo:
MemTotal:        2917816 kB
MemFree:          398660 kB
MemAvailable:     452264 kB
Buffers:            1056 kB
Cached:           168104 kB
SwapCached:            0 kB
Active:          2246300 kB
Inactive:         129220 kB
Active(anon):    2240796 kB
Inactive(anon):    85204 kB
Active(file):       5504 kB
Inactive(file):    44016 kB
Unevictable:          32 kB
Mlocked:              32 kB
SwapTotal:             0 kB
SwapFree:              0 kB
Dirty:              1260 kB
Writeback:             0 kB
AnonPages:       2206832 kB
Mapped:            85040 kB
Shmem:            119220 kB
Slab:              58948 kB
SReclaimable:      29200 kB
SUnreclaim:        29748 kB
KernelStack:        7968 kB
PageTables:        25592 kB
NFS_Unstable:          0 kB
Bounce:                0 kB
WritebackTmp:          0 kB
CommitLimit:     1458908 kB
Committed_AS:    4054396 kB
VmallocTotal:   34359738367 kB
VmallocUsed:           0 kB
VmallocChunk:          0 kB
HardwareCorrupted:     0 kB
AnonHugePages:    694272 kB
CmaTotal:              0 kB
CmaFree:               0 kB
HugePages_Total:       0
HugePages_Free:        0
HugePages_Rsvd:        0
HugePages_Surp:        0
Hugepagesize:       2048 kB
DirectMap4k:      133408 kB
DirectMap2M:     2918400 kB


CPU:total 4 (2 cores per cpu, 2 threads per core) family 6 model 42 stepping 7, cmov, cx8, fxsr, mmx, sse, sse2, sse3, ssse3, sse4.1, sse4.2, popcnt, avx, aes, clmul, ht, tsc, tscinvbit

/proc/cpuinfo:
processor	: 0
vendor_id	: GenuineIntel
cpu family	: 6
model		: 42
model name	: Intel(R) Core(TM) i5-2430M CPU @ 2.40GHz
stepping	: 7
microcode	: 0x29
cpu MHz		: 1399.968
cache size	: 3072 KB
physical id	: 0
siblings	: 4
core id		: 0
cpu cores	: 2
apicid		: 0
initial apicid	: 0
fpu		: yes
fpu_exception	: yes
cpuid level	: 13
wp		: yes
flags		: fpu vme de pse tsc msr pae mce cx8 apic sep mtrr pge mca cmov pat pse36 clflush dts acpi mmx fxsr sse sse2 ss ht tm pbe syscall nx rdtscp lm constant_tsc arch_perfmon pebs bts rep_good nopl xtopology nonstop_tsc aperfmperf eagerfpu pni pclmulqdq dtes64 monitor ds_cpl vmx est tm2 ssse3 cx16 xtpr pdcm pcid sse4_1 sse4_2 x2apic popcnt tsc_deadline_timer aes xsave avx lahf_lm epb tpr_shadow vnmi flexpriority ept vpid xsaveopt dtherm ida arat pln pts
bugs		:
bogomips	: 4789.12
clflush size	: 64
cache_alignment	: 64
address sizes	: 36 bits physical, 48 bits virtual
power management:

processor	: 1
vendor_id	: GenuineIntel
cpu family	: 6
model		: 42
model name	: Intel(R) Core(TM) i5-2430M CPU @ 2.40GHz
stepping	: 7
microcode	: 0x29
cpu MHz		: 1399.968
cache size	: 3072 KB
physical id	: 0
siblings	: 4
core id		: 1
cpu cores	: 2
apicid		: 2
initial apicid	: 2
fpu		: yes
fpu_exception	: yes
cpuid level	: 13
wp		: yes
flags		: fpu vme de pse tsc msr pae mce cx8 apic sep mtrr pge mca cmov pat pse36 clflush dts acpi mmx fxsr sse sse2 ss ht tm pbe syscall nx rdtscp lm constant_tsc arch_perfmon pebs bts rep_good nopl xtopology nonstop_tsc aperfmperf eagerfpu pni pclmulqdq dtes64 monitor ds_cpl vmx est tm2 ssse3 cx16 xtpr pdcm pcid sse4_1 sse4_2 x2apic popcnt tsc_deadline_timer aes xsave avx lahf_lm epb tpr_shadow vnmi flexpriority ept vpid xsaveopt dtherm ida arat pln pts
bugs		:
bogomips	: 4789.12
clflush size	: 64
cache_alignment	: 64
address sizes	: 36 bits physical, 48 bits virtual
power management:

processor	: 2
vendor_id	: GenuineIntel
cpu family	: 6
model		: 42
model name	: Intel(R) Core(TM) i5-2430M CPU @ 2.40GHz
stepping	: 7
microcode	: 0x29
cpu MHz		: 1399.968
cache size	: 3072 KB
physical id	: 0
siblings	: 4
core id		: 0
cpu cores	: 2
apicid		: 1
initial apicid	: 1
fpu		: yes
fpu_exception	: yes
cpuid level	: 13
wp		: yes
flags		: fpu vme de pse tsc msr pae mce cx8 apic sep mtrr pge mca cmov pat pse36 clflush dts acpi mmx fxsr sse sse2 ss ht tm pbe syscall nx rdtscp lm constant_tsc arch_perfmon pebs bts rep_good nopl xtopology nonstop_tsc aperfmperf eagerfpu pni pclmulqdq dtes64 monitor ds_cpl vmx est tm2 ssse3 cx16 xtpr pdcm pcid sse4_1 sse4_2 x2apic popcnt tsc_deadline_timer aes xsave avx lahf_lm epb tpr_shadow vnmi flexpriority ept vpid xsaveopt dtherm ida arat pln pts
bugs		:
bogomips	: 4789.12
clflush size	: 64
cache_alignment	: 64
address sizes	: 36 bits physical, 48 bits virtual
power management:

processor	: 3
vendor_id	: GenuineIntel
cpu family	: 6
model		: 42
model name	: Intel(R) Core(TM) i5-2430M CPU @ 2.40GHz
stepping	: 7
microcode	: 0x29
cpu MHz		: 1399.968
cache size	: 3072 KB
physical id	: 0
siblings	: 4
core id		: 1
cpu cores	: 2
apicid		: 3
initial apicid	: 3
fpu		: yes
fpu_exception	: yes
cpuid level	: 13
wp		: yes
flags		: fpu vme de pse tsc msr pae mce cx8 apic sep mtrr pge mca cmov pat pse36 clflush dts acpi mmx fxsr sse sse2 ss ht tm pbe syscall nx rdtscp lm constant_tsc arch_perfmon pebs bts rep_good nopl xtopology nonstop_tsc aperfmperf eagerfpu pni pclmulqdq dtes64 monitor ds_cpl vmx est tm2 ssse3 cx16 xtpr pdcm pcid sse4_1 sse4_2 x2apic popcnt tsc_deadline_timer aes xsave avx lahf_lm epb tpr_shadow vnmi flexpriority ept vpid xsaveopt dtherm ida arat pln pts
bugs		:
bogomips	: 4789.12
clflush size	: 64
cache_alignment	: 64
address sizes	: 36 bits physical, 48 bits virtual
power management:



Memory: 4k page, physical 2917816k(398660k free), swap 0k(0k free)

vm_info: Java HotSpot(TM) 64-Bit Server VM (25.91-b14) for linux-amd64 JRE (1.8.0_91-b14), built on Apr  1 2016 00:57:21 by "java_re" with gcc 4.3.0 20080428 (Red Hat 4.3.0-8)

time: Fri Jun  3 17:15:58 2016
elapsed time: 25 seconds (0d 0h 0m 25s)

